Vivado Simulator 2015.4
Copyright 1986-1999, 2001-2015 Xilinx, Inc. All Rights Reserved.
Running: /opt/Xilinx/Vivado/2015.4/bin/unwrapped/lnx64.o/xelab -wto 95d1f736449e47a387f04a890c3a617d --debug typical --relax --mt 8 -L xil_defaultlib -L unisims_ver -L unimacro_ver -L secureip --snapshot mips_test_sqr_behav xil_defaultlib.mips_test_sqr xil_defaultlib.glbl -log elaborate.log 
Using 8 slave threads.
Starting static elaboration
Completed static elaboration
Starting simulation data flow analysis
Completed simulation data flow analysis
Time Resolution for simulation is 1ps
Compiling module xil_defaultlib.controller
Compiling module xil_defaultlib.register_file
Compiling module xil_defaultlib.fulladder
Compiling module xil_defaultlib.adder(N=32)
Compiling module xil_defaultlib.addsub(N=32)
Compiling module xil_defaultlib.shifter(N=32)
Compiling module xil_defaultlib.logical(N=32)
Compiling module xil_defaultlib.comparator
Compiling module xil_defaultlib.ALU
Compiling module xil_defaultlib.datapath
Compiling module xil_defaultlib.mips
Compiling module xil_defaultlib.imem(imem_init="sqr_imem.txt")
Compiling module xil_defaultlib.dmem(dmem_init="sqr_dmem.txt")
Compiling module xil_defaultlib.top
Compiling module xil_defaultlib.selfcheck
Compiling module xil_defaultlib.mips_test_sqr
Compiling module xil_defaultlib.glbl
Built simulation snapshot mips_test_sqr_behav
